<?xml version="1.0" encoding="UTF-8"?>
<testng-results ignored="0" total="1" passed="1" failed="0" skipped="0">
  <reporter-output>
  </reporter-output>
  <suite started-at="2023-03-24T15:21:23 IST" name="Default suite" finished-at="2023-03-24T15:49:14 IST" duration-ms="1671073">
    <groups>
    </groups>
    <test started-at="2023-03-24T15:21:23 IST" name="Default test" finished-at="2023-03-24T15:49:14 IST" duration-ms="1671073">
      <class name="TestCases.admissionPageTest">
        <test-method is-config="true" signature="preReq()[pri:0, instance:TestCases.admissionPageTest@659499f1]" started-at="2023-03-24T15:21:23 IST" name="preReq" finished-at="2023-03-24T15:21:26 IST" duration-ms="3226" status="PASS">
          <reporter-output>
          </reporter-output>
        </test-method> <!-- preReq -->
        <test-method signature="admissionFormTest()[pri:0, instance:TestCases.admissionPageTest@659499f1]" started-at="2023-03-24T15:21:26 IST" name="admissionFormTest" finished-at="2023-03-24T15:49:14 IST" duration-ms="1667690" status="PASS">
          <reporter-output>
          </reporter-output>
        </test-method> <!-- admissionFormTest -->
      </class> <!-- TestCases.admissionPageTest -->
    </test> <!-- Default test -->
  </suite> <!-- Default suite -->
</testng-results>
