<?xml version="1.0" encoding="UTF-8"?>
<!-- Generated by org.testng.reporters.JUnitXMLReporter -->
<testsuite ignored="0" hostname="GIFTECH-L-080" failures="1" tests="1" name="Regression" time="156.992" errors="0" timestamp="2023-03-23T12:51:27 IST">
  <testcase classname="TestCases.admissionPageTest" name="admissionFormTest" time="151.352">
    <failure type="java.lang.NullPointerException" message="Cannot invoke &amp;quot;org.apache.poi.ss.usermodel.Cell.getStringCellValue()&amp;quot; because the return value of &amp;quot;org.apache.poi.ss.usermodel.Row.getCell(int)&amp;quot; is null">
      <![CDATA[java.lang.NullPointerException: Cannot invoke "org.apache.poi.ss.usermodel.Cell.getStringCellValue()" because the return value of "org.apache.poi.ss.usermodel.Row.getCell(int)" is null
at Base.PreReq.readExcelFile(PreReq.java:65)
at Pages.admissionPage.admissionForm(admissionPage.java:458)
at TestCases.admissionPageTest.admissionFormTest(admissionPageTest.java:33)
at java.base/java.util.ArrayList.forEach(ArrayList.java:1511)
... Removed 27 stack frames]]>
    </failure>
  </testcase> <!-- admissionFormTest -->
</testsuite> <!-- Regression -->
